Running: C:\Xilinx\14.7\ISE_DS\ISE\bin\nt64\unwrapped\fuse.exe -intstyle ise -incremental -o G:/Xilinx_ISE_DS_Win_14.7_1015_1/projects/uart/test_isim_beh.exe -prj G:/Xilinx_ISE_DS_Win_14.7_1015_1/projects/uart/test_beh.prj work.test 
ISim P.20131013 (signature 0x7708f090)
Number of CPUs detected in this system: 8
Turning on mult-threading, number of parallel sub-compilation jobs: 16 
Determining compilation order of HDL files
Parsing VHDL file "G:/Xilinx_ISE_DS_Win_14.7_1015_1/projects/uart/urt.vhd" into library work
Parsing VHDL file "G:/Xilinx_ISE_DS_Win_14.7_1015_1/projects/uart/test.vhd" into library work
Starting static elaboration
Completed static elaboration
Compiling package standard
Compiling package std_logic_1164
Compiling package numeric_std
Compiling package std_logic_arith
Compiling package std_logic_unsigned
Compiling package vcomponents
Compiling architecture behavioral of entity urt [urt_default]
Compiling architecture behavior of entity test
Time Resolution for simulation is 1ps.
Waiting for 1 sub-compilation(s) to finish...
Compiled 9 VHDL Units
Built simulation executable G:/Xilinx_ISE_DS_Win_14.7_1015_1/projects/uart/test_isim_beh.exe
Fuse Memory Usage: 51292 KB
Fuse CPU Usage: 546 ms
